Using pre-set license
Built from '2020.2/release' branch; Version is '2020.2.1f1 (270dd8c3da1c) revision 2559448'; Using compiler version '192528614'; Build Type 'Release'
OS: 'Windows 10  (10.0.0) 64bit' Language: 'en' Physical Memory: 32720 MB
BatchMode: 1, IsHumanControllingUs: 0, StartBugReporterOnCrash: 0, Is64bit: 1, IsPro: 0

 COMMAND LINE ARGUMENTS:
C:\Program Files\Unity\Hub\Editor\2020.2.1f1\Editor\Unity.exe
-adb2
-batchMode
-noUpm
-name
AssetImportWorker0
-projectPath
C:/Users/BD/Desktop/Staratel/Project Staratel
-logFile
Logs/AssetImportWorker0.log
-srvPort
56431
Successfully changed project path to: C:/Users/BD/Desktop/Staratel/Project Staratel
C:/Users/BD/Desktop/Staratel/Project Staratel
Using Asset Import Pipeline V2.
Refreshing native plugins compatible for Editor in 54.07 ms, found 1 plugins.
Preloading 0 native plugins for Editor in 0.00 ms.
Initialize engine version: 2020.2.1f1 (270dd8c3da1c)
[Subsystems] Discovering subsystems at path C:/Program Files/Unity/Hub/Editor/2020.2.1f1/Editor/Data/Resources/UnitySubsystems
[Subsystems] Discovering subsystems at path C:/Users/BD/Desktop/Staratel/Project Staratel/Assets
GfxDevice: creating device client; threaded=0
Direct3D:
    Version:  Direct3D 11.0 [level 11.1]
    Renderer: NVIDIA GeForce GTX 1080 (ID=0x1b80)
    Vendor:   
    VRAM:     8079 MB
    Driver:   30.0.14.9729
Shader 'Universal Render Pipeline/Particles/Lit': fallback shader 'Universal Render Pipeline/Particles/SimpleLit' not found
Initialize mono
Mono path[0] = 'C:/Program Files/Unity/Hub/Editor/2020.2.1f1/Editor/Data/Managed'
Mono path[1] = 'C:/Program Files/Unity/Hub/Editor/2020.2.1f1/Editor/Data/MonoBleedingEdge/lib/mono/unityjit'
Mono config path = 'C:/Program Files/Unity/Hub/Editor/2020.2.1f1/Editor/Data/MonoBleedingEdge/etc'
Using monoOptions --debugger-agent=transport=dt_socket,embedding=1,server=y,suspend=n,address=127.0.0.1:56716
Begin MonoManager ReloadAssembly
Registering precompiled unity dll's ...
Register platform support module: C:/Program Files/Unity/Hub/Editor/2020.2.1f1/Editor/Data/PlaybackEngines/WebGLSupport/UnityEditor.WebGL.Extensions.dll
Register platform support module: C:/Program Files/Unity/Hub/Editor/2020.2.1f1/Editor/Data/PlaybackEngines/WindowsStandaloneSupport/UnityEditor.WindowsStandalone.Extensions.dll
Registered in 0.002997 seconds.
Native extension for WindowsStandalone target not found
Native extension for WebGL target not found
Refreshing native plugins compatible for Editor in 48.66 ms, found 1 plugins.
Preloading 0 native plugins for Editor in 0.00 ms.
Invoked RoslynAnalysisRunner static constructor.
RoslynAnalysisRunner will not be running.
RoslynAnalysisRunner has terminated.
Mono: successfully reloaded assembly
- Completed reload, in  1.065 seconds
Platform modules already initialized, skipping
Registering precompiled user dll's ...
Registered in 0.001473 seconds.
Begin MonoManager ReloadAssembly
Native extension for WindowsStandalone target not found
Native extension for WebGL target not found
Refreshing native plugins compatible for Editor in 48.51 ms, found 1 plugins.
Preloading 0 native plugins for Editor in 0.00 ms.
Invoked RoslynAnalysisRunner static constructor.
RoslynAnalysisRunner will not be running.
RoslynAnalysisRunner has terminated.
Mono: successfully reloaded assembly
- Completed reload, in  0.865 seconds
Platform modules already initialized, skipping
========================================================================
Worker process is ready to serve import requests
Shader 'Universal Render Pipeline/Particles/Lit': fallback shader 'Universal Render Pipeline/Particles/SimpleLit' not found
Launched and connected shader compiler UnityShaderCompiler.exe after 0.02 seconds
Refreshing native plugins compatible for Editor in 0.47 ms, found 1 plugins.
Preloading 0 native plugins for Editor in 0.00 ms.
Unloading 3048 Unused Serialized files (Serialized files now loaded: 0)
System memory in use before: 129.2 MB.
System memory in use after: 129.3 MB.

Unloading 26 unused Assets to reduce memory usage. Loaded Objects now: 3491.
Total: 2.175200 ms (FindLiveObjects: 0.381600 ms CreateObjectMapping: 0.191200 ms MarkObjects: 1.512900 ms  DeleteObjects: 0.088700 ms)

========================================================================
Received Import Request.
  path: Assets/Art/Animations/Player Animations/Player.controller
  artifactKey: Guid(8ec1077db607bd2459312738dad0b172) Importer(815301076,1909f56bfc062723c751e8b465ee728b)
Start importing Assets/Art/Animations/Player Animations/Player.controller using Guid(8ec1077db607bd2459312738dad0b172) Importer(815301076,1909f56bfc062723c751e8b465ee728b)  -> (artifact id: '9767552c00f67c299f3a67c0229ada3a') in 0.039483 seconds
  Import took 0.044020 seconds .

========================================================================
Received Prepare
Registering precompiled user dll's ...
Registered in 0.001481 seconds.
Begin MonoManager ReloadAssembly
Native extension for WindowsStandalone target not found
Native extension for WebGL target not found
Refreshing native plugins compatible for Editor in 2.88 ms, found 1 plugins.
Preloading 0 native plugins for Editor in 0.00 ms.
Invoked RoslynAnalysisRunner static constructor.
RoslynAnalysisRunner will not be running.
RoslynAnalysisRunner has terminated.
Mono: successfully reloaded assembly
- Completed reload, in  0.892 seconds
Platform modules already initialized, skipping
Shader 'Universal Render Pipeline/Particles/Lit': fallback shader 'Universal Render Pipeline/Particles/SimpleLit' not found
Refreshing native plugins compatible for Editor in 0.51 ms, found 1 plugins.
Preloading 0 native plugins for Editor in 0.00 ms.
Unloading 2973 Unused Serialized files (Serialized files now loaded: 0)
System memory in use before: 124.0 MB.
System memory in use after: 124.1 MB.

Unloading 14 unused Assets to reduce memory usage. Loaded Objects now: 3494.
Total: 2.673300 ms (FindLiveObjects: 0.341000 ms CreateObjectMapping: 0.161100 ms MarkObjects: 2.087400 ms  DeleteObjects: 0.082700 ms)

========================================================================
Received Prepare
Registering precompiled user dll's ...
Registered in 0.001524 seconds.
Begin MonoManager ReloadAssembly
Native extension for WindowsStandalone target not found
Native extension for WebGL target not found
Refreshing native plugins compatible for Editor in 0.46 ms, found 1 plugins.
Preloading 0 native plugins for Editor in 0.00 ms.
Invoked RoslynAnalysisRunner static constructor.
RoslynAnalysisRunner will not be running.
RoslynAnalysisRunner has terminated.
Mono: successfully reloaded assembly
- Completed reload, in  0.867 seconds
Platform modules already initialized, skipping
Shader 'Universal Render Pipeline/Particles/Lit': fallback shader 'Universal Render Pipeline/Particles/SimpleLit' not found
Refreshing native plugins compatible for Editor in 0.44 ms, found 1 plugins.
Preloading 0 native plugins for Editor in 0.00 ms.
Unloading 2973 Unused Serialized files (Serialized files now loaded: 0)
System memory in use before: 124.3 MB.
System memory in use after: 124.4 MB.

Unloading 14 unused Assets to reduce memory usage. Loaded Objects now: 3497.
Total: 3.032700 ms (FindLiveObjects: 0.387700 ms CreateObjectMapping: 0.219700 ms MarkObjects: 2.265400 ms  DeleteObjects: 0.158500 ms)

========================================================================
Received Prepare
Registering precompiled user dll's ...
Registered in 0.001471 seconds.
Begin MonoManager ReloadAssembly
Native extension for WindowsStandalone target not found
Native extension for WebGL target not found
Refreshing native plugins compatible for Editor in 0.45 ms, found 1 plugins.
Preloading 0 native plugins for Editor in 0.00 ms.
Invoked RoslynAnalysisRunner static constructor.
RoslynAnalysisRunner will not be running.
RoslynAnalysisRunner has terminated.
Mono: successfully reloaded assembly
- Completed reload, in  0.938 seconds
Platform modules already initialized, skipping
Shader 'Universal Render Pipeline/Particles/Lit': fallback shader 'Universal Render Pipeline/Particles/SimpleLit' not found
Refreshing native plugins compatible for Editor in 0.46 ms, found 1 plugins.
Preloading 0 native plugins for Editor in 0.00 ms.
Unloading 2973 Unused Serialized files (Serialized files now loaded: 0)
System memory in use before: 124.6 MB.
System memory in use after: 124.7 MB.

Unloading 14 unused Assets to reduce memory usage. Loaded Objects now: 3500.
Total: 2.792500 ms (FindLiveObjects: 0.462400 ms CreateObjectMapping: 0.190300 ms MarkObjects: 2.046700 ms  DeleteObjects: 0.087200 ms)

========================================================================
Received Prepare
Registering precompiled user dll's ...
Registered in 0.001660 seconds.
Begin MonoManager ReloadAssembly
Native extension for WindowsStandalone target not found
Native extension for WebGL target not found
Refreshing native plugins compatible for Editor in 0.47 ms, found 1 plugins.
Preloading 0 native plugins for Editor in 0.00 ms.
Invoked RoslynAnalysisRunner static constructor.
RoslynAnalysisRunner will not be running.
RoslynAnalysisRunner has terminated.
Mono: successfully reloaded assembly
- Completed reload, in  0.865 seconds
Platform modules already initialized, skipping
Shader 'Universal Render Pipeline/Particles/Lit': fallback shader 'Universal Render Pipeline/Particles/SimpleLit' not found
Refreshing native plugins compatible for Editor in 0.44 ms, found 1 plugins.
Preloading 0 native plugins for Editor in 0.00 ms.
Unloading 2973 Unused Serialized files (Serialized files now loaded: 0)
System memory in use before: 124.9 MB.
System memory in use after: 125.0 MB.

Unloading 14 unused Assets to reduce memory usage. Loaded Objects now: 3503.
Total: 1.844100 ms (FindLiveObjects: 0.230500 ms CreateObjectMapping: 0.133500 ms MarkObjects: 1.399400 ms  DeleteObjects: 0.079900 ms)

========================================================================
Received Prepare
Registering precompiled user dll's ...
Registered in 0.001500 seconds.
Begin MonoManager ReloadAssembly
Native extension for WindowsStandalone target not found
Native extension for WebGL target not found
Refreshing native plugins compatible for Editor in 0.59 ms, found 1 plugins.
Preloading 0 native plugins for Editor in 0.00 ms.
Invoked RoslynAnalysisRunner static constructor.
RoslynAnalysisRunner will not be running.
RoslynAnalysisRunner has terminated.
Mono: successfully reloaded assembly
- Completed reload, in  0.759 seconds
Platform modules already initialized, skipping
Shader 'Universal Render Pipeline/Particles/Lit': fallback shader 'Universal Render Pipeline/Particles/SimpleLit' not found
Refreshing native plugins compatible for Editor in 0.45 ms, found 1 plugins.
Preloading 0 native plugins for Editor in 0.00 ms.
Unloading 2973 Unused Serialized files (Serialized files now loaded: 0)
System memory in use before: 125.2 MB.
System memory in use after: 125.3 MB.

Unloading 14 unused Assets to reduce memory usage. Loaded Objects now: 3506.
Total: 2.200500 ms (FindLiveObjects: 0.260600 ms CreateObjectMapping: 0.132000 ms MarkObjects: 1.731800 ms  DeleteObjects: 0.075200 ms)

========================================================================
Received Prepare
Registering precompiled user dll's ...
Registered in 0.001760 seconds.
Begin MonoManager ReloadAssembly
Native extension for WindowsStandalone target not found
Native extension for WebGL target not found
Refreshing native plugins compatible for Editor in 0.45 ms, found 1 plugins.
Preloading 0 native plugins for Editor in 0.00 ms.
Invoked RoslynAnalysisRunner static constructor.
RoslynAnalysisRunner will not be running.
RoslynAnalysisRunner has terminated.
Mono: successfully reloaded assembly
- Completed reload, in  0.757 seconds
Platform modules already initialized, skipping
Shader 'Universal Render Pipeline/Particles/Lit': fallback shader 'Universal Render Pipeline/Particles/SimpleLit' not found
Refreshing native plugins compatible for Editor in 0.47 ms, found 1 plugins.
Preloading 0 native plugins for Editor in 0.00 ms.
Unloading 2973 Unused Serialized files (Serialized files now loaded: 0)
System memory in use before: 125.5 MB.
System memory in use after: 125.6 MB.

Unloading 14 unused Assets to reduce memory usage. Loaded Objects now: 3509.
Total: 2.235000 ms (FindLiveObjects: 0.285600 ms CreateObjectMapping: 0.131400 ms MarkObjects: 1.733700 ms  DeleteObjects: 0.082700 ms)

========================================================================
Received Prepare
Registering precompiled user dll's ...
Registered in 0.001486 seconds.
Begin MonoManager ReloadAssembly
Native extension for WindowsStandalone target not found
Native extension for WebGL target not found
Refreshing native plugins compatible for Editor in 0.44 ms, found 1 plugins.
Preloading 0 native plugins for Editor in 0.00 ms.
Invoked RoslynAnalysisRunner static constructor.
RoslynAnalysisRunner will not be running.
RoslynAnalysisRunner has terminated.
Mono: successfully reloaded assembly
- Completed reload, in  0.751 seconds
Platform modules already initialized, skipping
Shader 'Universal Render Pipeline/Particles/Lit': fallback shader 'Universal Render Pipeline/Particles/SimpleLit' not found
Refreshing native plugins compatible for Editor in 0.45 ms, found 1 plugins.
Preloading 0 native plugins for Editor in 0.00 ms.
Unloading 2973 Unused Serialized files (Serialized files now loaded: 0)
System memory in use before: 125.6 MB.
System memory in use after: 125.7 MB.

Unloading 14 unused Assets to reduce memory usage. Loaded Objects now: 3512.
Total: 2.061700 ms (FindLiveObjects: 0.248500 ms CreateObjectMapping: 0.152900 ms MarkObjects: 1.573700 ms  DeleteObjects: 0.085700 ms)

========================================================================
Received Import Request.
  Time since last request: 570.364264 seconds.
  path: Assets/Prefabs/Enemy_01.prefab
  artifactKey: Guid(7603dac29f3be744f8db68ca883e751d) Importer(815301076,1909f56bfc062723c751e8b465ee728b)
Start importing Assets/Prefabs/Enemy_01.prefab using Guid(7603dac29f3be744f8db68ca883e751d) Importer(815301076,1909f56bfc062723c751e8b465ee728b)  -> (artifact id: '6b75790120ada85fa3350dd36c4033f5') in 0.092670 seconds
  Import took 0.097416 seconds .

========================================================================
Received Import Request.
  Time since last request: 28.226737 seconds.
  path: Assets/Sound/sfx_score.wav
  artifactKey: Guid(b00e94d00e3792546b1636d2704834a4) Importer(815301076,1909f56bfc062723c751e8b465ee728b)
Start importing Assets/Sound/sfx_score.wav using Guid(b00e94d00e3792546b1636d2704834a4) Importer(815301076,1909f56bfc062723c751e8b465ee728b)  -> (artifact id: '124e3e1e55bd4f61d2b25f293a7966b3') in 0.062262 seconds
  Import took 0.067318 seconds .

========================================================================
Received Import Request.
  Time since last request: 153.159930 seconds.
  path: Assets/Scripts/Cam & UI/Score_System.cs
  artifactKey: Guid(3e1f118ef63f59b4faf1385c7c1fa240) Importer(815301076,1909f56bfc062723c751e8b465ee728b)
Start importing Assets/Scripts/Cam & UI/Score_System.cs using Guid(3e1f118ef63f59b4faf1385c7c1fa240) Importer(815301076,1909f56bfc062723c751e8b465ee728b)  -> (artifact id: '2bfea389f0d5edc7ffbe9a94df70b2ca') in 0.026239 seconds
  Import took 0.032864 seconds .

========================================================================
Received Prepare
Registering precompiled user dll's ...
Registered in 0.001494 seconds.
Begin MonoManager ReloadAssembly
Native extension for WindowsStandalone target not found
Native extension for WebGL target not found
Refreshing native plugins compatible for Editor in 0.45 ms, found 1 plugins.
Preloading 0 native plugins for Editor in 0.00 ms.
Invoked RoslynAnalysisRunner static constructor.
RoslynAnalysisRunner will not be running.
RoslynAnalysisRunner has terminated.
Mono: successfully reloaded assembly
- Completed reload, in  0.862 seconds
Platform modules already initialized, skipping
Shader 'Universal Render Pipeline/Particles/Lit': fallback shader 'Universal Render Pipeline/Particles/SimpleLit' not found
Refreshing native plugins compatible for Editor in 0.44 ms, found 1 plugins.
Preloading 0 native plugins for Editor in 0.00 ms.
Unloading 2973 Unused Serialized files (Serialized files now loaded: 0)
System memory in use before: 128.0 MB.
System memory in use after: 128.1 MB.

Unloading 14 unused Assets to reduce memory usage. Loaded Objects now: 3524.
Total: 1.885200 ms (FindLiveObjects: 0.225800 ms CreateObjectMapping: 0.115400 ms MarkObjects: 1.467300 ms  DeleteObjects: 0.075200 ms)

========================================================================
Received Import Request.
  Time since last request: 475.857991 seconds.
  path: Assets/Scripts/Cam & UI/Score_System.cs
  artifactKey: Guid(3e1f118ef63f59b4faf1385c7c1fa240) Importer(815301076,1909f56bfc062723c751e8b465ee728b)
Start importing Assets/Scripts/Cam & UI/Score_System.cs using Guid(3e1f118ef63f59b4faf1385c7c1fa240) Importer(815301076,1909f56bfc062723c751e8b465ee728b)  -> (artifact id: 'e1ce4015ea50584e1e70ce0ff44a6e7c') in 0.004462 seconds
  Import took 0.010419 seconds .

========================================================================
Received Prepare
Registering precompiled user dll's ...
Registered in 0.002302 seconds.
Begin MonoManager ReloadAssembly
Native extension for WindowsStandalone target not found
Native extension for WebGL target not found
Refreshing native plugins compatible for Editor in 0.45 ms, found 1 plugins.
Preloading 0 native plugins for Editor in 0.00 ms.
Invoked RoslynAnalysisRunner static constructor.
RoslynAnalysisRunner will not be running.
RoslynAnalysisRunner has terminated.
Mono: successfully reloaded assembly
- Completed reload, in  0.804 seconds
Platform modules already initialized, skipping
Shader 'Universal Render Pipeline/Particles/Lit': fallback shader 'Universal Render Pipeline/Particles/SimpleLit' not found
Refreshing native plugins compatible for Editor in 0.44 ms, found 1 plugins.
Preloading 0 native plugins for Editor in 0.00 ms.
Unloading 2973 Unused Serialized files (Serialized files now loaded: 0)
System memory in use before: 128.3 MB.
System memory in use after: 128.4 MB.

Unloading 14 unused Assets to reduce memory usage. Loaded Objects now: 3527.
Total: 1.939200 ms (FindLiveObjects: 0.273500 ms CreateObjectMapping: 0.131800 ms MarkObjects: 1.452800 ms  DeleteObjects: 0.080300 ms)

========================================================================
Received Import Request.
  Time since last request: 696.838245 seconds.
  path: Assets/Scripts/Cam & UI/Score_System.cs
  artifactKey: Guid(3e1f118ef63f59b4faf1385c7c1fa240) Importer(815301076,1909f56bfc062723c751e8b465ee728b)
Start importing Assets/Scripts/Cam & UI/Score_System.cs using Guid(3e1f118ef63f59b4faf1385c7c1fa240) Importer(815301076,1909f56bfc062723c751e8b465ee728b)  -> (artifact id: '891799786bf3dcf41376f65eb4efe6c6') in 0.004678 seconds
  Import took 0.009478 seconds .

========================================================================
Received Import Request.
  Time since last request: 0.007743 seconds.
  path: Assets/Scripts/Cam & UI/Score_System.cs
  artifactKey: Guid(3e1f118ef63f59b4faf1385c7c1fa240) Importer(815301076,1909f56bfc062723c751e8b465ee728b)
Start importing Assets/Scripts/Cam & UI/Score_System.cs using Guid(3e1f118ef63f59b4faf1385c7c1fa240) Importer(815301076,1909f56bfc062723c751e8b465ee728b)  -> (artifact id: '891799786bf3dcf41376f65eb4efe6c6') in 0.002467 seconds
  Import took 0.008017 seconds .

========================================================================
Received Prepare
Registering precompiled user dll's ...
Registered in 0.001488 seconds.
Begin MonoManager ReloadAssembly
Native extension for WindowsStandalone target not found
Native extension for WebGL target not found
Refreshing native plugins compatible for Editor in 0.45 ms, found 1 plugins.
Preloading 0 native plugins for Editor in 0.00 ms.
Invoked RoslynAnalysisRunner static constructor.
RoslynAnalysisRunner will not be running.
RoslynAnalysisRunner has terminated.
Mono: successfully reloaded assembly
- Completed reload, in  0.875 seconds
Platform modules already initialized, skipping
Shader 'Universal Render Pipeline/Particles/Lit': fallback shader 'Universal Render Pipeline/Particles/SimpleLit' not found
Refreshing native plugins compatible for Editor in 0.66 ms, found 1 plugins.
Preloading 0 native plugins for Editor in 0.00 ms.
Unloading 2973 Unused Serialized files (Serialized files now loaded: 0)
System memory in use before: 128.6 MB.
System memory in use after: 128.7 MB.

Unloading 14 unused Assets to reduce memory usage. Loaded Objects now: 3530.
Total: 1.841300 ms (FindLiveObjects: 0.241900 ms CreateObjectMapping: 0.117500 ms MarkObjects: 1.401300 ms  DeleteObjects: 0.079300 ms)

========================================================================
Received Import Request.
  Time since last request: 52.054932 seconds.
  path: Assets/Scripts/Cam & UI/Score_System.cs
  artifactKey: Guid(3e1f118ef63f59b4faf1385c7c1fa240) Importer(815301076,1909f56bfc062723c751e8b465ee728b)
Start importing Assets/Scripts/Cam & UI/Score_System.cs using Guid(3e1f118ef63f59b4faf1385c7c1fa240) Importer(815301076,1909f56bfc062723c751e8b465ee728b)  -> (artifact id: '2c50425ea95b893edd76a563ff84e6c4') in 0.004743 seconds
  Import took 0.010092 seconds .

========================================================================
Received Import Request.
  Time since last request: 0.005142 seconds.
  path: Assets/Scripts/Cam & UI/Score_System.cs
  artifactKey: Guid(3e1f118ef63f59b4faf1385c7c1fa240) Importer(815301076,1909f56bfc062723c751e8b465ee728b)
Start importing Assets/Scripts/Cam & UI/Score_System.cs using Guid(3e1f118ef63f59b4faf1385c7c1fa240) Importer(815301076,1909f56bfc062723c751e8b465ee728b)  -> (artifact id: '2c50425ea95b893edd76a563ff84e6c4') in 0.002495 seconds
  Import took 0.006471 seconds .

========================================================================
Received Prepare
Registering precompiled user dll's ...
Registered in 0.001486 seconds.
Begin MonoManager ReloadAssembly
Native extension for WindowsStandalone target not found
Native extension for WebGL target not found
Refreshing native plugins compatible for Editor in 0.76 ms, found 1 plugins.
Preloading 0 native plugins for Editor in 0.00 ms.
Invoked RoslynAnalysisRunner static constructor.
RoslynAnalysisRunner will not be running.
RoslynAnalysisRunner has terminated.
Mono: successfully reloaded assembly
- Completed reload, in  0.846 seconds
Platform modules already initialized, skipping
Shader 'Universal Render Pipeline/Particles/Lit': fallback shader 'Universal Render Pipeline/Particles/SimpleLit' not found
Refreshing native plugins compatible for Editor in 0.45 ms, found 1 plugins.
Preloading 0 native plugins for Editor in 0.00 ms.
Unloading 2973 Unused Serialized files (Serialized files now loaded: 0)
System memory in use before: 128.7 MB.
System memory in use after: 128.8 MB.

Unloading 14 unused Assets to reduce memory usage. Loaded Objects now: 3533.
Total: 2.331800 ms (FindLiveObjects: 0.383900 ms CreateObjectMapping: 0.179800 ms MarkObjects: 1.682500 ms  DeleteObjects: 0.084300 ms)

========================================================================
Received Import Request.
  Time since last request: 105.913756 seconds.
  path: Assets/Scripts/Cam & UI/Score_System.cs
  artifactKey: Guid(3e1f118ef63f59b4faf1385c7c1fa240) Importer(815301076,1909f56bfc062723c751e8b465ee728b)
Start importing Assets/Scripts/Cam & UI/Score_System.cs using Guid(3e1f118ef63f59b4faf1385c7c1fa240) Importer(815301076,1909f56bfc062723c751e8b465ee728b)  -> (artifact id: '0a5ff9ef6186f670337a1cd54f7c1521') in 0.005028 seconds
  Import took 0.009233 seconds .

========================================================================
Received Import Request.
  Time since last request: 0.007306 seconds.
  path: Assets/Scripts/Cam & UI/Score_System.cs
  artifactKey: Guid(3e1f118ef63f59b4faf1385c7c1fa240) Importer(815301076,1909f56bfc062723c751e8b465ee728b)
Start importing Assets/Scripts/Cam & UI/Score_System.cs using Guid(3e1f118ef63f59b4faf1385c7c1fa240) Importer(815301076,1909f56bfc062723c751e8b465ee728b)  -> (artifact id: '0a5ff9ef6186f670337a1cd54f7c1521') in 0.002141 seconds
  Import took 0.006286 seconds .

========================================================================
Received Import Request.
  Time since last request: 33.471105 seconds.
  path: Assets/Prefabs/Enemy_01.prefab
  artifactKey: Guid(7603dac29f3be744f8db68ca883e751d) Importer(815301076,1909f56bfc062723c751e8b465ee728b)
Start importing Assets/Prefabs/Enemy_01.prefab using Guid(7603dac29f3be744f8db68ca883e751d) Importer(815301076,1909f56bfc062723c751e8b465ee728b)  -> (artifact id: 'ec31140aaa1a20315a8351ca78bbdcc6') in 0.049149 seconds
  Import took 0.054161 seconds .

========================================================================
Received Prepare
Registering precompiled user dll's ...
Registered in 0.001672 seconds.
Begin MonoManager ReloadAssembly
Native extension for WindowsStandalone target not found
Native extension for WebGL target not found
Refreshing native plugins compatible for Editor in 0.45 ms, found 1 plugins.
Preloading 0 native plugins for Editor in 0.00 ms.
Invoked RoslynAnalysisRunner static constructor.
RoslynAnalysisRunner will not be running.
RoslynAnalysisRunner has terminated.
Mono: successfully reloaded assembly
- Completed reload, in  0.880 seconds
Platform modules already initialized, skipping
Shader 'Universal Render Pipeline/Particles/Lit': fallback shader 'Universal Render Pipeline/Particles/SimpleLit' not found
Refreshing native plugins compatible for Editor in 0.45 ms, found 1 plugins.
Preloading 0 native plugins for Editor in 0.00 ms.
Unloading 2973 Unused Serialized files (Serialized files now loaded: 0)
System memory in use before: 128.1 MB.
System memory in use after: 128.3 MB.

Unloading 14 unused Assets to reduce memory usage. Loaded Objects now: 3537.
Total: 1.996200 ms (FindLiveObjects: 0.352300 ms CreateObjectMapping: 0.125000 ms MarkObjects: 1.433700 ms  DeleteObjects: 0.084000 ms)

========================================================================
Received Import Request.
  Time since last request: 101.764771 seconds.
  path: Assets/Prefabs/Enemy_01.prefab
  artifactKey: Guid(7603dac29f3be744f8db68ca883e751d) Importer(815301076,1909f56bfc062723c751e8b465ee728b)
Start importing Assets/Prefabs/Enemy_01.prefab using Guid(7603dac29f3be744f8db68ca883e751d) Importer(815301076,1909f56bfc062723c751e8b465ee728b)  -> (artifact id: '59ba0d5cbe918916dc1f4c7f616fbb12') in 0.058181 seconds
  Import took 0.063824 seconds .

========================================================================
Received Prepare
Registering precompiled user dll's ...
Registered in 0.001812 seconds.
Begin MonoManager ReloadAssembly
Native extension for WindowsStandalone target not found
Native extension for WebGL target not found
Refreshing native plugins compatible for Editor in 0.52 ms, found 1 plugins.
Preloading 0 native plugins for Editor in 0.00 ms.
Invoked RoslynAnalysisRunner static constructor.
RoslynAnalysisRunner will not be running.
RoslynAnalysisRunner has terminated.
Mono: successfully reloaded assembly
- Completed reload, in  1.222 seconds
Platform modules already initialized, skipping
Shader 'Universal Render Pipeline/Particles/Lit': fallback shader 'Universal Render Pipeline/Particles/SimpleLit' not found
Refreshing native plugins compatible for Editor in 0.82 ms, found 1 plugins.
Preloading 0 native plugins for Editor in 0.00 ms.
Unloading 2973 Unused Serialized files (Serialized files now loaded: 0)
System memory in use before: 128.4 MB.
System memory in use after: 128.5 MB.

Unloading 14 unused Assets to reduce memory usage. Loaded Objects now: 3541.
Total: 2.913700 ms (FindLiveObjects: 0.410800 ms CreateObjectMapping: 0.276000 ms MarkObjects: 2.085800 ms  DeleteObjects: 0.139800 ms)

========================================================================
Received Prepare
Registering precompiled user dll's ...
Registered in 0.001540 seconds.
Begin MonoManager ReloadAssembly
Native extension for WindowsStandalone target not found
Native extension for WebGL target not found
Refreshing native plugins compatible for Editor in 0.45 ms, found 1 plugins.
Preloading 0 native plugins for Editor in 0.00 ms.
Invoked RoslynAnalysisRunner static constructor.
RoslynAnalysisRunner will not be running.
RoslynAnalysisRunner has terminated.
Mono: successfully reloaded assembly
- Completed reload, in  0.792 seconds
Platform modules already initialized, skipping
Shader 'Universal Render Pipeline/Particles/Lit': fallback shader 'Universal Render Pipeline/Particles/SimpleLit' not found
Refreshing native plugins compatible for Editor in 0.44 ms, found 1 plugins.
Preloading 0 native plugins for Editor in 0.00 ms.
Unloading 2973 Unused Serialized files (Serialized files now loaded: 0)
System memory in use before: 128.7 MB.
System memory in use after: 128.8 MB.

Unloading 14 unused Assets to reduce memory usage. Loaded Objects now: 3544.
Total: 1.862800 ms (FindLiveObjects: 0.235200 ms CreateObjectMapping: 0.135400 ms MarkObjects: 1.391400 ms  DeleteObjects: 0.099800 ms)

========================================================================
Received Prepare
Registering precompiled user dll's ...
Registered in 0.001820 seconds.
Begin MonoManager ReloadAssembly
Native extension for WindowsStandalone target not found
Native extension for WebGL target not found
Refreshing native plugins compatible for Editor in 0.45 ms, found 1 plugins.
Preloading 0 native plugins for Editor in 0.00 ms.
Invoked RoslynAnalysisRunner static constructor.
RoslynAnalysisRunner will not be running.
RoslynAnalysisRunner has terminated.
Mono: successfully reloaded assembly
- Completed reload, in  0.824 seconds
Platform modules already initialized, skipping
Shader 'Universal Render Pipeline/Particles/Lit': fallback shader 'Universal Render Pipeline/Particles/SimpleLit' not found
Refreshing native plugins compatible for Editor in 0.44 ms, found 1 plugins.
Preloading 0 native plugins for Editor in 0.00 ms.
Unloading 2973 Unused Serialized files (Serialized files now loaded: 0)
System memory in use before: 128.0 MB.
System memory in use after: 128.1 MB.

Unloading 14 unused Assets to reduce memory usage. Loaded Objects now: 3547.
Total: 2.930300 ms (FindLiveObjects: 0.290900 ms CreateObjectMapping: 0.155400 ms MarkObjects: 2.394900 ms  DeleteObjects: 0.087900 ms)

========================================================================
Received Prepare
Registering precompiled user dll's ...
Registered in 0.001478 seconds.
Begin MonoManager ReloadAssembly
Native extension for WindowsStandalone target not found
Native extension for WebGL target not found
Refreshing native plugins compatible for Editor in 0.45 ms, found 1 plugins.
Preloading 0 native plugins for Editor in 0.00 ms.
Invoked RoslynAnalysisRunner static constructor.
RoslynAnalysisRunner will not be running.
RoslynAnalysisRunner has terminated.
Mono: successfully reloaded assembly
- Completed reload, in  0.858 seconds
Platform modules already initialized, skipping
Shader 'Universal Render Pipeline/Particles/Lit': fallback shader 'Universal Render Pipeline/Particles/SimpleLit' not found
Refreshing native plugins compatible for Editor in 0.45 ms, found 1 plugins.
Preloading 0 native plugins for Editor in 0.00 ms.
Unloading 2973 Unused Serialized files (Serialized files now loaded: 0)
System memory in use before: 128.2 MB.
System memory in use after: 128.4 MB.

Unloading 14 unused Assets to reduce memory usage. Loaded Objects now: 3550.
Total: 2.611200 ms (FindLiveObjects: 0.319000 ms CreateObjectMapping: 0.118300 ms MarkObjects: 2.092800 ms  DeleteObjects: 0.079800 ms)

========================================================================
Received Prepare
Registering precompiled user dll's ...
Registered in 0.001474 seconds.
Begin MonoManager ReloadAssembly
Native extension for WindowsStandalone target not found
Native extension for WebGL target not found
Refreshing native plugins compatible for Editor in 0.45 ms, found 1 plugins.
Preloading 0 native plugins for Editor in 0.00 ms.
Invoked RoslynAnalysisRunner static constructor.
RoslynAnalysisRunner will not be running.
RoslynAnalysisRunner has terminated.
Mono: successfully reloaded assembly
- Completed reload, in  0.860 seconds
Platform modules already initialized, skipping
Shader 'Universal Render Pipeline/Particles/Lit': fallback shader 'Universal Render Pipeline/Particles/SimpleLit' not found
Refreshing native plugins compatible for Editor in 0.44 ms, found 1 plugins.
Preloading 0 native plugins for Editor in 0.00 ms.
Unloading 2973 Unused Serialized files (Serialized files now loaded: 0)
System memory in use before: 128.5 MB.
System memory in use after: 128.6 MB.

Unloading 14 unused Assets to reduce memory usage. Loaded Objects now: 3553.
Total: 2.246600 ms (FindLiveObjects: 0.384000 ms CreateObjectMapping: 0.145600 ms MarkObjects: 1.628700 ms  DeleteObjects: 0.087300 ms)

========================================================================
Received Prepare
Registering precompiled user dll's ...
Registered in 0.001806 seconds.
Begin MonoManager ReloadAssembly
Native extension for WindowsStandalone target not found
Native extension for WebGL target not found
Refreshing native plugins compatible for Editor in 0.46 ms, found 1 plugins.
Preloading 0 native plugins for Editor in 0.00 ms.
Invoked RoslynAnalysisRunner static constructor.
RoslynAnalysisRunner will not be running.
RoslynAnalysisRunner has terminated.
Mono: successfully reloaded assembly
- Completed reload, in  1.158 seconds
Platform modules already initialized, skipping
Shader 'Universal Render Pipeline/Particles/Lit': fallback shader 'Universal Render Pipeline/Particles/SimpleLit' not found
Refreshing native plugins compatible for Editor in 0.45 ms, found 1 plugins.
Preloading 0 native plugins for Editor in 0.00 ms.
Unloading 2973 Unused Serialized files (Serialized files now loaded: 0)
System memory in use before: 128.7 MB.
System memory in use after: 128.8 MB.

Unloading 14 unused Assets to reduce memory usage. Loaded Objects now: 3556.
Total: 14.993900 ms (FindLiveObjects: 1.161800 ms CreateObjectMapping: 0.388700 ms MarkObjects: 11.939200 ms  DeleteObjects: 1.502300 ms)

========================================================================
Received Prepare
Registering precompiled user dll's ...
Registered in 0.001486 seconds.
Begin MonoManager ReloadAssembly
Native extension for WindowsStandalone target not found
Native extension for WebGL target not found
Refreshing native plugins compatible for Editor in 0.46 ms, found 1 plugins.
Preloading 0 native plugins for Editor in 0.00 ms.
Invoked RoslynAnalysisRunner static constructor.
RoslynAnalysisRunner will not be running.
RoslynAnalysisRunner has terminated.
Mono: successfully reloaded assembly
- Completed reload, in  0.849 seconds
Platform modules already initialized, skipping
Shader 'Universal Render Pipeline/Particles/Lit': fallback shader 'Universal Render Pipeline/Particles/SimpleLit' not found
Refreshing native plugins compatible for Editor in 0.44 ms, found 1 plugins.
Preloading 0 native plugins for Editor in 0.00 ms.
Unloading 2973 Unused Serialized files (Serialized files now loaded: 0)
System memory in use before: 128.1 MB.
System memory in use after: 128.2 MB.

Unloading 14 unused Assets to reduce memory usage. Loaded Objects now: 3559.
Total: 1.874400 ms (FindLiveObjects: 0.234600 ms CreateObjectMapping: 0.120700 ms MarkObjects: 1.437000 ms  DeleteObjects: 0.081200 ms)

========================================================================
Received Prepare
Registering precompiled user dll's ...
Registered in 0.001510 seconds.
Begin MonoManager ReloadAssembly
Native extension for WindowsStandalone target not found
Native extension for WebGL target not found
Refreshing native plugins compatible for Editor in 0.45 ms, found 1 plugins.
Preloading 0 native plugins for Editor in 0.00 ms.
Invoked RoslynAnalysisRunner static constructor.
RoslynAnalysisRunner will not be running.
RoslynAnalysisRunner has terminated.
Mono: successfully reloaded assembly
- Completed reload, in  0.803 seconds
Platform modules already initialized, skipping
Shader 'Universal Render Pipeline/Particles/Lit': fallback shader 'Universal Render Pipeline/Particles/SimpleLit' not found
Refreshing native plugins compatible for Editor in 0.44 ms, found 1 plugins.
Preloading 0 native plugins for Editor in 0.00 ms.
Unloading 2973 Unused Serialized files (Serialized files now loaded: 0)
System memory in use before: 128.4 MB.
System memory in use after: 128.5 MB.

Unloading 14 unused Assets to reduce memory usage. Loaded Objects now: 3562.
Total: 1.906900 ms (FindLiveObjects: 0.285800 ms CreateObjectMapping: 0.130400 ms MarkObjects: 1.411400 ms  DeleteObjects: 0.078700 ms)

========================================================================
Received Prepare
Registering precompiled user dll's ...
Registered in 0.001469 seconds.
Begin MonoManager ReloadAssembly
Native extension for WindowsStandalone target not found
Native extension for WebGL target not found
Refreshing native plugins compatible for Editor in 0.45 ms, found 1 plugins.
Preloading 0 native plugins for Editor in 0.00 ms.
Invoked RoslynAnalysisRunner static constructor.
RoslynAnalysisRunner will not be running.
RoslynAnalysisRunner has terminated.
Mono: successfully reloaded assembly
- Completed reload, in  0.823 seconds
Platform modules already initialized, skipping
Shader 'Universal Render Pipeline/Particles/Lit': fallback shader 'Universal Render Pipeline/Particles/SimpleLit' not found
Refreshing native plugins compatible for Editor in 0.44 ms, found 1 plugins.
Preloading 0 native plugins for Editor in 0.00 ms.
Unloading 2973 Unused Serialized files (Serialized files now loaded: 0)
System memory in use before: 128.6 MB.
System memory in use after: 128.8 MB.

Unloading 14 unused Assets to reduce memory usage. Loaded Objects now: 3565.
Total: 1.907000 ms (FindLiveObjects: 0.337300 ms CreateObjectMapping: 0.122600 ms MarkObjects: 1.370400 ms  DeleteObjects: 0.076000 ms)

========================================================================
Received Prepare
Registering precompiled user dll's ...
Registered in 0.001474 seconds.
Begin MonoManager ReloadAssembly
Native extension for WindowsStandalone target not found
Native extension for WebGL target not found
Refreshing native plugins compatible for Editor in 0.45 ms, found 1 plugins.
Preloading 0 native plugins for Editor in 0.00 ms.
Invoked RoslynAnalysisRunner static constructor.
RoslynAnalysisRunner will not be running.
RoslynAnalysisRunner has terminated.
Mono: successfully reloaded assembly
- Completed reload, in  0.832 seconds
Platform modules already initialized, skipping
Shader 'Universal Render Pipeline/Particles/Lit': fallback shader 'Universal Render Pipeline/Particles/SimpleLit' not found
Refreshing native plugins compatible for Editor in 0.44 ms, found 1 plugins.
Preloading 0 native plugins for Editor in 0.00 ms.
Unloading 2973 Unused Serialized files (Serialized files now loaded: 0)
System memory in use before: 128.8 MB.
System memory in use after: 128.9 MB.

Unloading 14 unused Assets to reduce memory usage. Loaded Objects now: 3568.
Total: 1.923300 ms (FindLiveObjects: 0.243700 ms CreateObjectMapping: 0.121100 ms MarkObjects: 1.475200 ms  DeleteObjects: 0.082300 ms)

========================================================================
Received Prepare
Registering precompiled user dll's ...
Registered in 0.001450 seconds.
Begin MonoManager ReloadAssembly
Native extension for WindowsStandalone target not found
Native extension for WebGL target not found
Refreshing native plugins compatible for Editor in 0.48 ms, found 1 plugins.
Preloading 0 native plugins for Editor in 0.00 ms.
Invoked RoslynAnalysisRunner static constructor.
RoslynAnalysisRunner will not be running.
RoslynAnalysisRunner has terminated.
Mono: successfully reloaded assembly
- Completed reload, in  0.772 seconds
Platform modules already initialized, skipping
Shader 'Universal Render Pipeline/Particles/Lit': fallback shader 'Universal Render Pipeline/Particles/SimpleLit' not found
Refreshing native plugins compatible for Editor in 0.44 ms, found 1 plugins.
Preloading 0 native plugins for Editor in 0.00 ms.
Unloading 2973 Unused Serialized files (Serialized files now loaded: 0)
System memory in use before: 128.2 MB.
System memory in use after: 128.3 MB.

Unloading 14 unused Assets to reduce memory usage. Loaded Objects now: 3571.
Total: 1.945600 ms (FindLiveObjects: 0.259400 ms CreateObjectMapping: 0.122200 ms MarkObjects: 1.480000 ms  DeleteObjects: 0.082800 ms)

========================================================================
Received Import Request.
  Time since last request: 3378.340691 seconds.
  path: Assets/Prefabs/Enemy_02.prefab
  artifactKey: Guid(da105506abf5a15468b54cd5978f77be) Importer(815301076,1909f56bfc062723c751e8b465ee728b)
Start importing Assets/Prefabs/Enemy_02.prefab using Guid(da105506abf5a15468b54cd5978f77be) Importer(815301076,1909f56bfc062723c751e8b465ee728b)  -> (artifact id: '7e3b0557cd8ca0914b1f6c837aa29cbf') in 0.061626 seconds
  Import took 0.066619 seconds .

========================================================================
Received Import Request.
  Time since last request: 27.708241 seconds.
  path: Assets/Prefabs/Enemy_02.prefab
  artifactKey: Guid(da105506abf5a15468b54cd5978f77be) Importer(815301076,1909f56bfc062723c751e8b465ee728b)
Start importing Assets/Prefabs/Enemy_02.prefab using Guid(da105506abf5a15468b54cd5978f77be) Importer(815301076,1909f56bfc062723c751e8b465ee728b)  -> (artifact id: '236d47352c9be6292d447ec21eb1d5c5') in 0.008841 seconds
  Import took 0.013437 seconds .

========================================================================
Received Import Request.
  Time since last request: 20.807715 seconds.
  path: Assets/Prefabs/Enemy_02.prefab
  artifactKey: Guid(da105506abf5a15468b54cd5978f77be) Importer(815301076,1909f56bfc062723c751e8b465ee728b)
Start importing Assets/Prefabs/Enemy_02.prefab using Guid(da105506abf5a15468b54cd5978f77be) Importer(815301076,1909f56bfc062723c751e8b465ee728b)  -> (artifact id: '619f266ceb0de7a992807725e723e436') in 0.011296 seconds
  Import took 0.015811 seconds .

========================================================================
Received Import Request.
  Time since last request: 3.483897 seconds.
  path: Assets/Prefabs/Enemy_02.prefab
  artifactKey: Guid(da105506abf5a15468b54cd5978f77be) Importer(815301076,1909f56bfc062723c751e8b465ee728b)
Start importing Assets/Prefabs/Enemy_02.prefab using Guid(da105506abf5a15468b54cd5978f77be) Importer(815301076,1909f56bfc062723c751e8b465ee728b)  -> (artifact id: '921a21068c8f4bfd6ca174f0b328a4ae') in 0.011257 seconds
  Import took 0.015812 seconds .

========================================================================
Received Prepare
Registering precompiled user dll's ...
Registered in 0.001509 seconds.
Begin MonoManager ReloadAssembly
Native extension for WindowsStandalone target not found
Native extension for WebGL target not found
Refreshing native plugins compatible for Editor in 1.38 ms, found 1 plugins.
Preloading 0 native plugins for Editor in 0.00 ms.
Invoked RoslynAnalysisRunner static constructor.
RoslynAnalysisRunner will not be running.
RoslynAnalysisRunner has terminated.
Mono: successfully reloaded assembly
- Completed reload, in  0.825 seconds
Platform modules already initialized, skipping
Shader 'Universal Render Pipeline/Particles/Lit': fallback shader 'Universal Render Pipeline/Particles/SimpleLit' not found
Refreshing native plugins compatible for Editor in 0.46 ms, found 1 plugins.
Preloading 0 native plugins for Editor in 0.00 ms.
Unloading 2973 Unused Serialized files (Serialized files now loaded: 0)
System memory in use before: 128.5 MB.
System memory in use after: 128.6 MB.

Unloading 14 unused Assets to reduce memory usage. Loaded Objects now: 3575.
Total: 1.900800 ms (FindLiveObjects: 0.273600 ms CreateObjectMapping: 0.152800 ms MarkObjects: 1.398700 ms  DeleteObjects: 0.075000 ms)

========================================================================
Received Import Request.
  Time since last request: 117.495585 seconds.
  path: Assets/Prefabs/Enemy_02.prefab
  artifactKey: Guid(da105506abf5a15468b54cd5978f77be) Importer(815301076,1909f56bfc062723c751e8b465ee728b)
Start importing Assets/Prefabs/Enemy_02.prefab using Guid(da105506abf5a15468b54cd5978f77be) Importer(815301076,1909f56bfc062723c751e8b465ee728b)  -> (artifact id: '57ba2ced3e63ad7367ebdfbac1a3a23f') in 0.052668 seconds
  Import took 0.056867 seconds .

========================================================================
Received Import Request.
  Time since last request: 0.092551 seconds.
  path: Assets/Prefabs/Enemy_02.prefab
  artifactKey: Guid(da105506abf5a15468b54cd5978f77be) Importer(815301076,1909f56bfc062723c751e8b465ee728b)
Start importing Assets/Prefabs/Enemy_02.prefab using Guid(da105506abf5a15468b54cd5978f77be) Importer(815301076,1909f56bfc062723c751e8b465ee728b)  -> (artifact id: '57ba2ced3e63ad7367ebdfbac1a3a23f') in 0.009898 seconds
  Import took 0.013928 seconds .

========================================================================
Received Prepare
Registering precompiled user dll's ...
Registered in 0.001469 seconds.
Begin MonoManager ReloadAssembly
Native extension for WindowsStandalone target not found
Native extension for WebGL target not found
Refreshing native plugins compatible for Editor in 0.64 ms, found 1 plugins.
Preloading 0 native plugins for Editor in 0.00 ms.
Invoked RoslynAnalysisRunner static constructor.
RoslynAnalysisRunner will not be running.
RoslynAnalysisRunner has terminated.
Mono: successfully reloaded assembly
- Completed reload, in  0.879 seconds
Platform modules already initialized, skipping
Shader 'Universal Render Pipeline/Particles/Lit': fallback shader 'Universal Render Pipeline/Particles/SimpleLit' not found
Refreshing native plugins compatible for Editor in 0.57 ms, found 1 plugins.
Preloading 0 native plugins for Editor in 0.00 ms.
Unloading 2973 Unused Serialized files (Serialized files now loaded: 0)
System memory in use before: 128.7 MB.
System memory in use after: 128.9 MB.

Unloading 14 unused Assets to reduce memory usage. Loaded Objects now: 3579.
Total: 2.024400 ms (FindLiveObjects: 0.241300 ms CreateObjectMapping: 0.170000 ms MarkObjects: 1.524800 ms  DeleteObjects: 0.087200 ms)

========================================================================
Received Prepare
Registering precompiled user dll's ...
Registered in 0.001513 seconds.
Begin MonoManager ReloadAssembly
Native extension for WindowsStandalone target not found
Native extension for WebGL target not found
Refreshing native plugins compatible for Editor in 0.45 ms, found 1 plugins.
Preloading 0 native plugins for Editor in 0.00 ms.
Invoked RoslynAnalysisRunner static constructor.
RoslynAnalysisRunner will not be running.
RoslynAnalysisRunner has terminated.
Mono: successfully reloaded assembly
- Completed reload, in  0.752 seconds
Platform modules already initialized, skipping
Shader 'Universal Render Pipeline/Particles/Lit': fallback shader 'Universal Render Pipeline/Particles/SimpleLit' not found
Refreshing native plugins compatible for Editor in 0.45 ms, found 1 plugins.
Preloading 0 native plugins for Editor in 0.00 ms.
Unloading 2973 Unused Serialized files (Serialized files now loaded: 0)
System memory in use before: 128.8 MB.
System memory in use after: 128.9 MB.

Unloading 14 unused Assets to reduce memory usage. Loaded Objects now: 3582.
Total: 2.106200 ms (FindLiveObjects: 0.270200 ms CreateObjectMapping: 0.169800 ms MarkObjects: 1.569300 ms  DeleteObjects: 0.096000 ms)

AssetImportWorkerClient::OnTransportError - code=2 error=End of file
